<?xml version="1.0" encoding="UTF-8"?>
<robot generator="Robot 4.0 (Python 3.6.1 on win32)" generated="20210830 11:44:29.859" rpa="false" schemaversion="2">
<suite id="s1" name="Script" source="C:\Users\000QTE744\Documents\Automation\script.robot">
<test id="s1-t1" name="Valid_scenario">
<kw name="Generic_flow">
<arg>https://www.flipkart.com/</arg>
<arg>realme C21 (Cross Blue, 64 GB)</arg>
<arg>realme C21 (Cross Blue, 64 GB)</arg>
<kw name="OpenUrl" library="page">
<arg>${url}</arg>
<kw name="Open Browser" library="SeleniumLibrary">
<arg>${url}</arg>
<arg>chrome</arg>
<doc>Opens a new browser instance to the optional ``url``.</doc>
<msg timestamp="20210830 11:44:30.592" level="INFO">Opening browser 'chrome' to base url 'https://www.flipkart.com/'.</msg>
<status status="PASS" starttime="20210830 11:44:30.591" endtime="20210830 11:44:37.092"/>
</kw>
<kw name="Maximize Browser Window" library="SeleniumLibrary">
<doc>Maximizes current browser window.</doc>
<status status="PASS" starttime="20210830 11:44:37.092" endtime="20210830 11:44:37.446"/>
</kw>
<status status="PASS" starttime="20210830 11:44:30.590" endtime="20210830 11:44:37.447"/>
</kw>
<kw name="Shop_Mobile" library="page">
<arg>${mobile_added_to_cart}</arg>
<kw name="Click Element" library="SeleniumLibrary">
<arg>${mobile_button}</arg>
<doc>Click the element identified by ``locator``.</doc>
<msg timestamp="20210830 11:44:37.454" level="FAIL">Variable '${mobile_button}' not found.</msg>
<status status="FAIL" starttime="20210830 11:44:37.449" endtime="20210830 11:44:37.454"/>
</kw>
<kw name="Click Element" library="SeleniumLibrary">
<arg>${mobiles_tab}</arg>
<doc>Click the element identified by ``locator``.</doc>
<status status="NOT RUN" starttime="20210830 11:44:37.454" endtime="20210830 11:44:37.455"/>
</kw>
<kw name="Wait Until Element Is Visible" library="SeleniumLibrary">
<arg>${shop_now-button}</arg>
<doc>Waits until the element ``locator`` is visible.</doc>
<status status="NOT RUN" starttime="20210830 11:44:37.455" endtime="20210830 11:44:37.456"/>
</kw>
<kw name="Click Element" library="SeleniumLibrary">
<arg>${shop_now-button}</arg>
<doc>Click the element identified by ``locator``.</doc>
<status status="NOT RUN" starttime="20210830 11:44:37.456" endtime="20210830 11:44:37.456"/>
</kw>
<kw name="Wait Until Element Is Visible" library="SeleniumLibrary">
<arg>${cart_button}</arg>
<doc>Waits until the element ``locator`` is visible.</doc>
<status status="NOT RUN" starttime="20210830 11:44:37.457" endtime="20210830 11:44:37.457"/>
</kw>
<kw name="Click Element" library="SeleniumLibrary">
<arg>${cart_button}</arg>
<doc>Click the element identified by ``locator``.</doc>
<status status="NOT RUN" starttime="20210830 11:44:37.458" endtime="20210830 11:44:37.458"/>
</kw>
<status status="FAIL" starttime="20210830 11:44:37.447" endtime="20210830 11:44:37.459"/>
</kw>
<kw name="Add_to_cart" library="page">
<status status="NOT RUN" starttime="20210830 11:44:37.459" endtime="20210830 11:44:37.460"/>
</kw>
<kw name="Verify_the product" library="page">
<arg>${verification}</arg>
<status status="NOT RUN" starttime="20210830 11:44:37.460" endtime="20210830 11:44:37.461"/>
</kw>
<status status="FAIL" starttime="20210830 11:44:30.589" endtime="20210830 11:44:37.461"/>
</kw>
<status status="FAIL" starttime="20210830 11:44:30.585" endtime="20210830 11:44:37.469">Variable '${mobile_button}' not found.</status>
</test>
<test id="s1-t2" name="Invalid_scenario">
<kw name="Generic_flow">
<arg>https://www.flipkart.com/</arg>
<arg>realme C21 (Cross Blue, 64 GB)</arg>
<arg>realme C10 (Cross Black, 60 GB)</arg>
<kw name="OpenUrl" library="page">
<arg>${url}</arg>
<kw name="Open Browser" library="SeleniumLibrary">
<arg>${url}</arg>
<arg>chrome</arg>
<doc>Opens a new browser instance to the optional ``url``.</doc>
<msg timestamp="20210830 11:44:37.582" level="INFO">Opening browser 'chrome' to base url 'https://www.flipkart.com/'.</msg>
<status status="PASS" starttime="20210830 11:44:37.578" endtime="20210830 11:44:46.639"/>
</kw>
<kw name="Maximize Browser Window" library="SeleniumLibrary">
<doc>Maximizes current browser window.</doc>
<kw name="Capture Page Screenshot" library="SeleniumLibrary">
<doc>Takes a screenshot of the current page and embeds it into a log file.</doc>
<msg timestamp="20210830 11:44:46.946" level="FAIL">NoSuchWindowException: Message: no such window: target window already closed
from unknown error: web view not found
  (Session info: chrome=92.0.4515.159)
</msg>
<status status="FAIL" starttime="20210830 11:44:46.659" endtime="20210830 11:44:46.947"/>
</kw>
<msg timestamp="20210830 11:44:46.962" level="WARN">Keyword 'Capture Page Screenshot' could not be run on failure: NoSuchWindowException: Message: no such window: target window already closed
from unknown error: web view not found
  (Session info: chrome=92.0.4515.159)
</msg>
<msg timestamp="20210830 11:44:47.198" level="FAIL">NoSuchWindowException: Message: no such window: target window already closed
from unknown error: web view not found
  (Session info: chrome=92.0.4515.159)
</msg>
<status status="FAIL" starttime="20210830 11:44:46.640" endtime="20210830 11:44:47.202"/>
</kw>
<status status="FAIL" starttime="20210830 11:44:37.572" endtime="20210830 11:44:47.203"/>
</kw>
<kw name="Shop_Mobile" library="page">
<arg>${mobile_added_to_cart}</arg>
<status status="NOT RUN" starttime="20210830 11:44:47.205" endtime="20210830 11:44:47.205"/>
</kw>
<kw name="Add_to_cart" library="page">
<status status="NOT RUN" starttime="20210830 11:44:47.222" endtime="20210830 11:44:47.223"/>
</kw>
<kw name="Verify_the product" library="page">
<arg>${verification}</arg>
<status status="NOT RUN" starttime="20210830 11:44:47.223" endtime="20210830 11:44:47.223"/>
</kw>
<status status="FAIL" starttime="20210830 11:44:37.570" endtime="20210830 11:44:47.224"/>
</kw>
<status status="FAIL" starttime="20210830 11:44:37.564" endtime="20210830 11:44:47.248">NoSuchWindowException: Message: no such window: target window already closed
from unknown error: web view not found
  (Session info: chrome=92.0.4515.159)
</status>
</test>
<kw name="CloseBrowser" library="page" type="TEARDOWN">
<kw name="Close All Browsers" library="SeleniumLibrary">
<doc>Closes all open browsers and resets the browser cache.</doc>
<status status="PASS" starttime="20210830 11:44:47.295" endtime="20210830 11:44:52.817"/>
</kw>
<status status="PASS" starttime="20210830 11:44:47.294" endtime="20210830 11:44:52.818"/>
</kw>
<status status="FAIL" starttime="20210830 11:44:29.862" endtime="20210830 11:44:52.818"/>
</suite>
<statistics>
<total>
<stat pass="0" fail="2" skip="0">All Tests</stat>
</total>
<tag>
</tag>
<suite>
<stat pass="0" fail="2" skip="0" id="s1" name="Script">Script</stat>
</suite>
</statistics>
<errors>
<msg timestamp="20210830 11:44:30.551" level="ERROR">Error in file 'C:\Users\000QTE744\Documents\Automation\imports.robot' on line 4: Invalid resource file extension '.yaml'. Supported extensions are '.resource', '.robot', '.txt', '.tsv', '.rst' and '.rest'.</msg>
<msg timestamp="20210830 11:44:46.962" level="WARN">Keyword 'Capture Page Screenshot' could not be run on failure: NoSuchWindowException: Message: no such window: target window already closed
from unknown error: web view not found
  (Session info: chrome=92.0.4515.159)
</msg>
</errors>
</robot>
